This file contains any messages produced by compilers while
running configure, to aid debugging if configure makes a mistake.

It was created by PATMOL configure 2.8, which was
generated by GNU Autoconf 2.69.  Invocation command line was

  $ ./configure 

## --------- ##
## Platform. ##
## --------- ##

hostname = patrick-h8-1280t
uname -m = x86_64
uname -r = 3.13.0-76-generic
uname -s = Linux
uname -v = #120-Ubuntu SMP Mon Jan 18 15:59:10 UTC 2016

/usr/bin/uname -p = unknown
/bin/uname -X     = unknown

/bin/arch              = unknown
/usr/bin/arch -k       = unknown
/usr/convex/getsysinfo = unknown
/usr/bin/hostinfo      = unknown
/bin/machine           = unknown
/usr/bin/oslevel       = unknown
/bin/universe          = unknown

PATH: /home/patrick/bin
PATH: /home/patrick/bin
PATH: /usr/local/sbin
PATH: /usr/local/bin
PATH: /usr/sbin
PATH: /usr/bin
PATH: /sbin
PATH: /bin
PATH: /usr/games
PATH: /usr/local/games


## ----------- ##
## Core tests. ##
## ----------- ##

configure:2298: checking for a BSD-compatible install
configure:2366: result: /usr/bin/install -c
configure:2377: checking whether build environment is sane
configure:2432: result: yes
configure:2583: checking for a thread-safe mkdir -p
configure:2622: result: /bin/mkdir -p
configure:2629: checking for gawk
configure:2645: found /usr/bin/gawk
configure:2656: result: gawk
configure:2667: checking whether make sets $(MAKE)
configure:2689: result: yes
configure:2718: checking whether make supports nested variables
configure:2735: result: yes
configure:2920: checking for mpic++
configure:2936: found /usr/bin/mpic++
configure:2947: result: mpic++
configure:2974: checking for C++ compiler version
configure:2983: mpic++ --version >&5
g++ (Ubuntu 4.8.4-2ubuntu1~14.04) 4.8.4
Copyright (C) 2013 Free Software Foundation, Inc.
This is free software; see the source for copying conditions.  There is NO
warranty; not even for MERCHANTABILITY or FITNESS FOR A PARTICULAR PURPOSE.

configure:2994: $? = 0
configure:2983: mpic++ -v >&5
Using built-in specs.
COLLECT_GCC=/usr/bin/g++
COLLECT_LTO_WRAPPER=/usr/lib/gcc/x86_64-linux-gnu/4.8/lto-wrapper
Target: x86_64-linux-gnu
Configured with: ../src/configure -v --with-pkgversion='Ubuntu 4.8.4-2ubuntu1~14.04' --with-bugurl=file:///usr/share/doc/gcc-4.8/README.Bugs --enable-languages=c,c++,java,go,d,fortran,objc,obj-c++ --prefix=/usr --program-suffix=-4.8 --enable-shared --enable-linker-build-id --libexecdir=/usr/lib --without-included-gettext --enable-threads=posix --with-gxx-include-dir=/usr/include/c++/4.8 --libdir=/usr/lib --enable-nls --with-sysroot=/ --enable-clocale=gnu --enable-libstdcxx-debug --enable-libstdcxx-time=yes --enable-gnu-unique-object --disable-libmudflap --enable-plugin --with-system-zlib --disable-browser-plugin --enable-java-awt=gtk --enable-gtk-cairo --with-java-home=/usr/lib/jvm/java-1.5.0-gcj-4.8-amd64/jre --enable-java-home --with-jvm-root-dir=/usr/lib/jvm/java-1.5.0-gcj-4.8-amd64 --with-jvm-jar-dir=/usr/lib/jvm-exports/java-1.5.0-gcj-4.8-amd64 --with-arch-directory=amd64 --with-ecj-jar=/usr/share/java/eclipse-ecj.jar --enable-objc-gc --enable-multiarch --disable-werror --with-arch-32=i686 --with-abi=m64 --with-multilib-list=m32,m64,mx32 --with-tune=generic --enable-checking=release --build=x86_64-linux-gnu --host=x86_64-linux-gnu --target=x86_64-linux-gnu
Thread model: posix
gcc version 4.8.4 (Ubuntu 4.8.4-2ubuntu1~14.04) 
configure:2994: $? = 0
configure:2983: mpic++ -V >&5
g++: error: unrecognized command line option '-V'
g++: fatal error: no input files
compilation terminated.
configure:2994: $? = 4
configure:2983: mpic++ -qversion >&5
g++: error: unrecognized command line option '-qversion'
g++: fatal error: no input files
compilation terminated.
configure:2994: $? = 4
configure:3014: checking whether the C++ compiler works
configure:3036: mpic++    conftest.cpp  >&5
configure:3040: $? = 0
configure:3088: result: yes
configure:3091: checking for C++ compiler default output file name
configure:3093: result: a.out
configure:3099: checking for suffix of executables
configure:3106: mpic++ -o conftest    conftest.cpp  >&5
configure:3110: $? = 0
configure:3132: result: 
configure:3154: checking whether we are cross compiling
configure:3162: mpic++ -o conftest    conftest.cpp  >&5
configure:3166: $? = 0
configure:3173: ./conftest
configure:3177: $? = 0
configure:3192: result: no
configure:3197: checking for suffix of object files
configure:3219: mpic++ -c   conftest.cpp >&5
configure:3223: $? = 0
configure:3244: result: o
configure:3248: checking whether we are using the GNU C++ compiler
configure:3267: mpic++ -c   conftest.cpp >&5
configure:3267: $? = 0
configure:3276: result: yes
configure:3285: checking whether mpic++ accepts -g
configure:3305: mpic++ -c -g  conftest.cpp >&5
configure:3305: $? = 0
configure:3346: result: yes
configure:3380: checking for style of include used by make
configure:3408: result: GNU
configure:3434: checking dependency style of mpic++
configure:3545: result: gcc3
configure:3614: checking for mpicc
configure:3630: found /usr/bin/mpicc
configure:3641: result: mpicc
configure:3672: checking for C compiler version
configure:3681: mpicc --version >&5
gcc (Ubuntu 4.8.4-2ubuntu1~14.04) 4.8.4
Copyright (C) 2013 Free Software Foundation, Inc.
This is free software; see the source for copying conditions.  There is NO
warranty; not even for MERCHANTABILITY or FITNESS FOR A PARTICULAR PURPOSE.

configure:3692: $? = 0
configure:3681: mpicc -v >&5
Using built-in specs.
COLLECT_GCC=/usr/bin/gcc
COLLECT_LTO_WRAPPER=/usr/lib/gcc/x86_64-linux-gnu/4.8/lto-wrapper
Target: x86_64-linux-gnu
Configured with: ../src/configure -v --with-pkgversion='Ubuntu 4.8.4-2ubuntu1~14.04' --with-bugurl=file:///usr/share/doc/gcc-4.8/README.Bugs --enable-languages=c,c++,java,go,d,fortran,objc,obj-c++ --prefix=/usr --program-suffix=-4.8 --enable-shared --enable-linker-build-id --libexecdir=/usr/lib --without-included-gettext --enable-threads=posix --with-gxx-include-dir=/usr/include/c++/4.8 --libdir=/usr/lib --enable-nls --with-sysroot=/ --enable-clocale=gnu --enable-libstdcxx-debug --enable-libstdcxx-time=yes --enable-gnu-unique-object --disable-libmudflap --enable-plugin --with-system-zlib --disable-browser-plugin --enable-java-awt=gtk --enable-gtk-cairo --with-java-home=/usr/lib/jvm/java-1.5.0-gcj-4.8-amd64/jre --enable-java-home --with-jvm-root-dir=/usr/lib/jvm/java-1.5.0-gcj-4.8-amd64 --with-jvm-jar-dir=/usr/lib/jvm-exports/java-1.5.0-gcj-4.8-amd64 --with-arch-directory=amd64 --with-ecj-jar=/usr/share/java/eclipse-ecj.jar --enable-objc-gc --enable-multiarch --disable-werror --with-arch-32=i686 --with-abi=m64 --with-multilib-list=m32,m64,mx32 --with-tune=generic --enable-checking=release --build=x86_64-linux-gnu --host=x86_64-linux-gnu --target=x86_64-linux-gnu
Thread model: posix
gcc version 4.8.4 (Ubuntu 4.8.4-2ubuntu1~14.04) 
configure:3692: $? = 0
configure:3681: mpicc -V >&5
gcc: error: unrecognized command line option '-V'
gcc: fatal error: no input files
compilation terminated.
configure:3692: $? = 4
configure:3681: mpicc -qversion >&5
gcc: error: unrecognized command line option '-qversion'
gcc: fatal error: no input files
compilation terminated.
configure:3692: $? = 4
configure:3696: checking whether we are using the GNU C compiler
configure:3715: mpicc -c   conftest.c >&5
configure:3715: $? = 0
configure:3724: result: yes
configure:3733: checking whether mpicc accepts -g
configure:3753: mpicc -c -g  conftest.c >&5
configure:3753: $? = 0
configure:3794: result: yes
configure:3811: checking for mpicc option to accept ISO C89
configure:3874: mpicc  -c -g -O2  conftest.c >&5
configure:3874: $? = 0
configure:3887: result: none needed
configure:3912: checking whether mpicc understands -c and -o together
configure:3934: mpicc -c conftest.c -o conftest2.o
configure:3937: $? = 0
configure:3934: mpicc -c conftest.c -o conftest2.o
configure:3937: $? = 0
configure:3949: result: yes
configure:3968: checking dependency style of mpicc
configure:4079: result: gcc3
configure:4251: checking for gcc
configure:4278: result: mpicc
configure:4507: checking for C compiler version
configure:4516: mpicc --version >&5
gcc (Ubuntu 4.8.4-2ubuntu1~14.04) 4.8.4
Copyright (C) 2013 Free Software Foundation, Inc.
This is free software; see the source for copying conditions.  There is NO
warranty; not even for MERCHANTABILITY or FITNESS FOR A PARTICULAR PURPOSE.

configure:4527: $? = 0
configure:4516: mpicc -v >&5
Using built-in specs.
COLLECT_GCC=/usr/bin/gcc
COLLECT_LTO_WRAPPER=/usr/lib/gcc/x86_64-linux-gnu/4.8/lto-wrapper
Target: x86_64-linux-gnu
Configured with: ../src/configure -v --with-pkgversion='Ubuntu 4.8.4-2ubuntu1~14.04' --with-bugurl=file:///usr/share/doc/gcc-4.8/README.Bugs --enable-languages=c,c++,java,go,d,fortran,objc,obj-c++ --prefix=/usr --program-suffix=-4.8 --enable-shared --enable-linker-build-id --libexecdir=/usr/lib --without-included-gettext --enable-threads=posix --with-gxx-include-dir=/usr/include/c++/4.8 --libdir=/usr/lib --enable-nls --with-sysroot=/ --enable-clocale=gnu --enable-libstdcxx-debug --enable-libstdcxx-time=yes --enable-gnu-unique-object --disable-libmudflap --enable-plugin --with-system-zlib --disable-browser-plugin --enable-java-awt=gtk --enable-gtk-cairo --with-java-home=/usr/lib/jvm/java-1.5.0-gcj-4.8-amd64/jre --enable-java-home --with-jvm-root-dir=/usr/lib/jvm/java-1.5.0-gcj-4.8-amd64 --with-jvm-jar-dir=/usr/lib/jvm-exports/java-1.5.0-gcj-4.8-amd64 --with-arch-directory=amd64 --with-ecj-jar=/usr/share/java/eclipse-ecj.jar --enable-objc-gc --enable-multiarch --disable-werror --with-arch-32=i686 --with-abi=m64 --with-multilib-list=m32,m64,mx32 --with-tune=generic --enable-checking=release --build=x86_64-linux-gnu --host=x86_64-linux-gnu --target=x86_64-linux-gnu
Thread model: posix
gcc version 4.8.4 (Ubuntu 4.8.4-2ubuntu1~14.04) 
configure:4527: $? = 0
configure:4516: mpicc -V >&5
gcc: error: unrecognized command line option '-V'
gcc: fatal error: no input files
compilation terminated.
configure:4527: $? = 4
configure:4516: mpicc -qversion >&5
gcc: error: unrecognized command line option '-qversion'
gcc: fatal error: no input files
compilation terminated.
configure:4527: $? = 4
configure:4531: checking whether we are using the GNU C compiler
configure:4559: result: yes
configure:4568: checking whether mpicc accepts -g
configure:4629: result: yes
configure:4646: checking for mpicc option to accept ISO C89
configure:4722: result: none needed
configure:4747: checking whether mpicc understands -c and -o together
configure:4784: result: yes
configure:4803: checking dependency style of mpicc
configure:4914: result: gcc3
configure:4942: checking for MPI_Init
configure:4942: mpicc -o conftest -g -O2   conftest.c  >&5
configure:4942: $? = 0
configure:4942: result: yes
configure:5069: checking for main in -lm
configure:5088: mpicc -o conftest -g -O2   conftest.c -lm   >&5
configure:5088: $? = 0
configure:5097: result: yes
configure:5116: checking how to run the C preprocessor
configure:5147: mpicc -E  conftest.c
configure:5147: $? = 0
configure:5161: mpicc -E  conftest.c
conftest.c:13:28: fatal error: ac_nonexistent.h: No such file or directory
 #include <ac_nonexistent.h>
                            ^
compilation terminated.
configure:5161: $? = 1
configure: failed program was:
| /* confdefs.h */
| #define PACKAGE_NAME "PATMOL"
| #define PACKAGE_TARNAME "patmol"
| #define PACKAGE_VERSION "2.8"
| #define PACKAGE_STRING "PATMOL 2.8"
| #define PACKAGE_BUGREPORT "patjnichols@gmail.com"
| #define PACKAGE_URL ""
| #define PACKAGE "patmol"
| #define VERSION "2.8"
| #define HAVE_MPI 1
| #define HAVE_LIBM 1
| /* end confdefs.h.  */
| #include <ac_nonexistent.h>
configure:5186: result: mpicc -E
configure:5206: mpicc -E  conftest.c
configure:5206: $? = 0
configure:5220: mpicc -E  conftest.c
conftest.c:13:28: fatal error: ac_nonexistent.h: No such file or directory
 #include <ac_nonexistent.h>
                            ^
compilation terminated.
configure:5220: $? = 1
configure: failed program was:
| /* confdefs.h */
| #define PACKAGE_NAME "PATMOL"
| #define PACKAGE_TARNAME "patmol"
| #define PACKAGE_VERSION "2.8"
| #define PACKAGE_STRING "PATMOL 2.8"
| #define PACKAGE_BUGREPORT "patjnichols@gmail.com"
| #define PACKAGE_URL ""
| #define PACKAGE "patmol"
| #define VERSION "2.8"
| #define HAVE_MPI 1
| #define HAVE_LIBM 1
| /* end confdefs.h.  */
| #include <ac_nonexistent.h>
configure:5249: checking for grep that handles long lines and -e
configure:5307: result: /bin/grep
configure:5312: checking for egrep
configure:5374: result: /bin/grep -E
configure:5379: checking for ANSI C header files
configure:5399: mpicc -c -g -O2  conftest.c >&5
configure:5399: $? = 0
configure:5472: mpicc -o conftest -g -O2   conftest.c -lm  >&5
configure:5472: $? = 0
configure:5472: ./conftest
configure:5472: $? = 0
configure:5483: result: yes
configure:5496: checking for sys/types.h
configure:5496: mpicc -c -g -O2  conftest.c >&5
configure:5496: $? = 0
configure:5496: result: yes
configure:5496: checking for sys/stat.h
configure:5496: mpicc -c -g -O2  conftest.c >&5
configure:5496: $? = 0
configure:5496: result: yes
configure:5496: checking for stdlib.h
configure:5496: mpicc -c -g -O2  conftest.c >&5
configure:5496: $? = 0
configure:5496: result: yes
configure:5496: checking for string.h
configure:5496: mpicc -c -g -O2  conftest.c >&5
configure:5496: $? = 0
configure:5496: result: yes
configure:5496: checking for memory.h
configure:5496: mpicc -c -g -O2  conftest.c >&5
configure:5496: $? = 0
configure:5496: result: yes
configure:5496: checking for strings.h
configure:5496: mpicc -c -g -O2  conftest.c >&5
configure:5496: $? = 0
configure:5496: result: yes
configure:5496: checking for inttypes.h
configure:5496: mpicc -c -g -O2  conftest.c >&5
configure:5496: $? = 0
configure:5496: result: yes
configure:5496: checking for stdint.h
configure:5496: mpicc -c -g -O2  conftest.c >&5
configure:5496: $? = 0
configure:5496: result: yes
configure:5496: checking for unistd.h
configure:5496: mpicc -c -g -O2  conftest.c >&5
configure:5496: $? = 0
configure:5496: result: yes
configure:5511: checking float.h usability
configure:5511: mpicc -c -g -O2  conftest.c >&5
configure:5511: $? = 0
configure:5511: result: yes
configure:5511: checking float.h presence
configure:5511: mpicc -E  conftest.c
configure:5511: $? = 0
configure:5511: result: yes
configure:5511: checking for float.h
configure:5511: result: yes
configure:5511: checking for stdint.h
configure:5511: result: yes
configure:5511: checking for stdlib.h
configure:5511: result: yes
configure:5511: checking for string.h
configure:5511: result: yes
configure:5511: checking sys/time.h usability
configure:5511: mpicc -c -g -O2  conftest.c >&5
configure:5511: $? = 0
configure:5511: result: yes
configure:5511: checking sys/time.h presence
configure:5511: mpicc -E  conftest.c
configure:5511: $? = 0
configure:5511: result: yes
configure:5511: checking for sys/time.h
configure:5511: result: yes
configure:5523: checking for stdbool.h that conforms to C99
configure:5590: mpicc -c -g -O2  conftest.c >&5
configure:5590: $? = 0
configure:5597: result: yes
configure:5599: checking for _Bool
configure:5599: mpicc -c -g -O2  conftest.c >&5
configure:5599: $? = 0
configure:5599: mpicc -c -g -O2  conftest.c >&5
conftest.c: In function 'main':
conftest.c:64:20: error: expected expression before ')' token
 if (sizeof ((_Bool)))
                    ^
configure:5599: $? = 1
configure: failed program was:
| /* confdefs.h */
| #define PACKAGE_NAME "PATMOL"
| #define PACKAGE_TARNAME "patmol"
| #define PACKAGE_VERSION "2.8"
| #define PACKAGE_STRING "PATMOL 2.8"
| #define PACKAGE_BUGREPORT "patjnichols@gmail.com"
| #define PACKAGE_URL ""
| #define PACKAGE "patmol"
| #define VERSION "2.8"
| #define HAVE_MPI 1
| #define HAVE_LIBM 1
| #define STDC_HEADERS 1
| #define HAVE_SYS_TYPES_H 1
| #define HAVE_SYS_STAT_H 1
| #define HAVE_STDLIB_H 1
| #define HAVE_STRING_H 1
| #define HAVE_MEMORY_H 1
| #define HAVE_STRINGS_H 1
| #define HAVE_INTTYPES_H 1
| #define HAVE_STDINT_H 1
| #define HAVE_UNISTD_H 1
| #define HAVE_FLOAT_H 1
| #define HAVE_STDINT_H 1
| #define HAVE_STDLIB_H 1
| #define HAVE_STRING_H 1
| #define HAVE_SYS_TIME_H 1
| /* end confdefs.h.  */
| #include <stdio.h>
| #ifdef HAVE_SYS_TYPES_H
| # include <sys/types.h>
| #endif
| #ifdef HAVE_SYS_STAT_H
| # include <sys/stat.h>
| #endif
| #ifdef STDC_HEADERS
| # include <stdlib.h>
| # include <stddef.h>
| #else
| # ifdef HAVE_STDLIB_H
| #  include <stdlib.h>
| # endif
| #endif
| #ifdef HAVE_STRING_H
| # if !defined STDC_HEADERS && defined HAVE_MEMORY_H
| #  include <memory.h>
| # endif
| # include <string.h>
| #endif
| #ifdef HAVE_STRINGS_H
| # include <strings.h>
| #endif
| #ifdef HAVE_INTTYPES_H
| # include <inttypes.h>
| #endif
| #ifdef HAVE_STDINT_H
| # include <stdint.h>
| #endif
| #ifdef HAVE_UNISTD_H
| # include <unistd.h>
| #endif
| int
| main ()
| {
| if (sizeof ((_Bool)))
| 	    return 0;
|   ;
|   return 0;
| }
configure:5599: result: yes
configure:5616: checking for an ANSI C-conforming const
configure:5682: mpicc -c -g -O2  conftest.c >&5
configure:5682: $? = 0
configure:5689: result: yes
configure:5697: checking for inline
configure:5713: mpicc -c -g -O2  conftest.c >&5
configure:5713: $? = 0
configure:5721: result: inline
configure:5739: checking for C/C++ restrict keyword
configure:5764: mpicc -c -g -O2  conftest.c >&5
configure:5764: $? = 0
configure:5772: result: __restrict
configure:5785: checking for size_t
configure:5785: mpicc -c -g -O2  conftest.c >&5
configure:5785: $? = 0
configure:5785: mpicc -c -g -O2  conftest.c >&5
conftest.c: In function 'main':
conftest.c:67:21: error: expected expression before ')' token
 if (sizeof ((size_t)))
                     ^
configure:5785: $? = 1
configure: failed program was:
| /* confdefs.h */
| #define PACKAGE_NAME "PATMOL"
| #define PACKAGE_TARNAME "patmol"
| #define PACKAGE_VERSION "2.8"
| #define PACKAGE_STRING "PATMOL 2.8"
| #define PACKAGE_BUGREPORT "patjnichols@gmail.com"
| #define PACKAGE_URL ""
| #define PACKAGE "patmol"
| #define VERSION "2.8"
| #define HAVE_MPI 1
| #define HAVE_LIBM 1
| #define STDC_HEADERS 1
| #define HAVE_SYS_TYPES_H 1
| #define HAVE_SYS_STAT_H 1
| #define HAVE_STDLIB_H 1
| #define HAVE_STRING_H 1
| #define HAVE_MEMORY_H 1
| #define HAVE_STRINGS_H 1
| #define HAVE_INTTYPES_H 1
| #define HAVE_STDINT_H 1
| #define HAVE_UNISTD_H 1
| #define HAVE_FLOAT_H 1
| #define HAVE_STDINT_H 1
| #define HAVE_STDLIB_H 1
| #define HAVE_STRING_H 1
| #define HAVE_SYS_TIME_H 1
| #define HAVE__BOOL 1
| #define HAVE_STDBOOL_H 1
| #define restrict __restrict
| /* end confdefs.h.  */
| #include <stdio.h>
| #ifdef HAVE_SYS_TYPES_H
| # include <sys/types.h>
| #endif
| #ifdef HAVE_SYS_STAT_H
| # include <sys/stat.h>
| #endif
| #ifdef STDC_HEADERS
| # include <stdlib.h>
| # include <stddef.h>
| #else
| # ifdef HAVE_STDLIB_H
| #  include <stdlib.h>
| # endif
| #endif
| #ifdef HAVE_STRING_H
| # if !defined STDC_HEADERS && defined HAVE_MEMORY_H
| #  include <memory.h>
| # endif
| # include <string.h>
| #endif
| #ifdef HAVE_STRINGS_H
| # include <strings.h>
| #endif
| #ifdef HAVE_INTTYPES_H
| # include <inttypes.h>
| #endif
| #ifdef HAVE_STDINT_H
| # include <stdint.h>
| #endif
| #ifdef HAVE_UNISTD_H
| # include <unistd.h>
| #endif
| int
| main ()
| {
| if (sizeof ((size_t)))
| 	    return 0;
|   ;
|   return 0;
| }
configure:5785: result: yes
configure:5796: checking whether time.h and sys/time.h may both be included
configure:5816: mpicc -c -g -O2  conftest.c >&5
configure:5816: $? = 0
configure:5823: result: yes
configure:5835: checking for stdlib.h
configure:5835: result: yes
configure:5845: checking for GNU libc compatible malloc
configure:5869: mpicc -o conftest -g -O2   conftest.c -lm  >&5
configure:5869: $? = 0
configure:5869: ./conftest
configure:5869: $? = 0
configure:5879: result: yes
configure:5902: checking for stdlib.h
configure:5902: result: yes
configure:5912: checking for GNU libc compatible realloc
configure:5936: mpicc -o conftest -g -O2   conftest.c -lm  >&5
configure:5936: $? = 0
configure:5936: ./conftest
configure:5936: $? = 0
configure:5946: result: yes
configure:5967: checking for working strtod
configure:6008: mpicc -o conftest -g -O2   conftest.c -lm  >&5
configure:6008: $? = 0
configure:6008: ./conftest
configure:6008: $? = 0
configure:6018: result: yes
configure:6083: checking for clock_gettime
configure:6083: mpicc -o conftest -g -O2   conftest.c -lm  >&5
configure:6083: $? = 0
configure:6083: result: yes
configure:6083: checking for gettimeofday
configure:6083: mpicc -o conftest -g -O2   conftest.c -lm  >&5
configure:6083: $? = 0
configure:6083: result: yes
configure:6083: checking for memset
configure:6083: mpicc -o conftest -g -O2   conftest.c -lm  >&5
conftest.c:61:6: warning: conflicting types for built-in function 'memset' [enabled by default]
 char memset ();
      ^
configure:6083: $? = 0
configure:6083: result: yes
configure:6083: checking for pow
configure:6083: mpicc -o conftest -g -O2   conftest.c -lm  >&5
conftest.c:62:6: warning: conflicting types for built-in function 'pow' [enabled by default]
 char pow ();
      ^
configure:6083: $? = 0
configure:6083: result: yes
configure:6083: checking for rint
configure:6083: mpicc -o conftest -g -O2   conftest.c -lm  >&5
conftest.c:63:6: warning: conflicting types for built-in function 'rint' [enabled by default]
 char rint ();
      ^
configure:6083: $? = 0
configure:6083: result: yes
configure:6083: checking for sqrt
configure:6083: mpicc -o conftest -g -O2   conftest.c -lm  >&5
conftest.c:64:6: warning: conflicting types for built-in function 'sqrt' [enabled by default]
 char sqrt ();
      ^
configure:6083: $? = 0
configure:6083: result: yes
configure:6083: checking for strtol
configure:6083: mpicc -o conftest -g -O2   conftest.c -lm  >&5
configure:6083: $? = 0
configure:6083: result: yes
configure:6083: checking for strtoul
configure:6083: mpicc -o conftest -g -O2   conftest.c -lm  >&5
configure:6083: $? = 0
configure:6083: result: yes
configure:6204: checking that generated files are newer than configure
configure:6210: result: done
configure:6241: creating ./config.status

## ---------------------- ##
## Running config.status. ##
## ---------------------- ##

This file was extended by PATMOL config.status 2.8, which was
generated by GNU Autoconf 2.69.  Invocation command line was

  CONFIG_FILES    = 
  CONFIG_HEADERS  = 
  CONFIG_LINKS    = 
  CONFIG_COMMANDS = 
  $ ./config.status 

on patrick-h8-1280t

config.status:883: creating Makefile
config.status:883: creating config.h
config.status:1064: config.h is unchanged
config.status:1112: executing depfiles commands

## ---------------- ##
## Cache variables. ##
## ---------------- ##

ac_cv_c_compiler_gnu=yes
ac_cv_c_const=yes
ac_cv_c_inline=inline
ac_cv_c_restrict=__restrict
ac_cv_cxx_compiler_gnu=yes
ac_cv_env_CCC_set=
ac_cv_env_CCC_value=
ac_cv_env_CC_set=
ac_cv_env_CC_value=
ac_cv_env_CFLAGS_set=
ac_cv_env_CFLAGS_value=
ac_cv_env_CPPFLAGS_set=
ac_cv_env_CPPFLAGS_value=
ac_cv_env_CPP_set=
ac_cv_env_CPP_value=
ac_cv_env_CXXFLAGS_set=
ac_cv_env_CXXFLAGS_value=
ac_cv_env_CXX_set=
ac_cv_env_CXX_value=
ac_cv_env_LDFLAGS_set=
ac_cv_env_LDFLAGS_value=
ac_cv_env_LIBS_set=
ac_cv_env_LIBS_value=
ac_cv_env_MPICC_set=
ac_cv_env_MPICC_value=
ac_cv_env_build_alias_set=
ac_cv_env_build_alias_value=
ac_cv_env_host_alias_set=
ac_cv_env_host_alias_value=
ac_cv_env_target_alias_set=
ac_cv_env_target_alias_value=
ac_cv_func_MPI_Init=yes
ac_cv_func_clock_gettime=yes
ac_cv_func_gettimeofday=yes
ac_cv_func_malloc_0_nonnull=yes
ac_cv_func_memset=yes
ac_cv_func_pow=yes
ac_cv_func_realloc_0_nonnull=yes
ac_cv_func_rint=yes
ac_cv_func_sqrt=yes
ac_cv_func_strtod=yes
ac_cv_func_strtol=yes
ac_cv_func_strtoul=yes
ac_cv_header_float_h=yes
ac_cv_header_inttypes_h=yes
ac_cv_header_memory_h=yes
ac_cv_header_stdbool_h=yes
ac_cv_header_stdc=yes
ac_cv_header_stdint_h=yes
ac_cv_header_stdlib_h=yes
ac_cv_header_string_h=yes
ac_cv_header_strings_h=yes
ac_cv_header_sys_stat_h=yes
ac_cv_header_sys_time_h=yes
ac_cv_header_sys_types_h=yes
ac_cv_header_time=yes
ac_cv_header_unistd_h=yes
ac_cv_lib_m_main=yes
ac_cv_objext=o
ac_cv_path_EGREP='/bin/grep -E'
ac_cv_path_GREP=/bin/grep
ac_cv_path_install='/usr/bin/install -c'
ac_cv_path_mkdir=/bin/mkdir
ac_cv_prog_AWK=gawk
ac_cv_prog_CPP='mpicc -E'
ac_cv_prog_ac_ct_CC=mpicc
ac_cv_prog_ac_ct_CXX=mpic++
ac_cv_prog_cc_c89=
ac_cv_prog_cc_g=yes
ac_cv_prog_cxx_g=yes
ac_cv_prog_make_make_set=yes
ac_cv_type__Bool=yes
ac_cv_type_size_t=yes
am_cv_CC_dependencies_compiler_type=gcc3
am_cv_CXX_dependencies_compiler_type=gcc3
am_cv_make_support_nested_variables=yes
am_cv_prog_cc_c_o=yes

## ----------------- ##
## Output variables. ##
## ----------------- ##

ACLOCAL='${SHELL} /home/patrick/Patmol/missing aclocal-1.14'
AMDEPBACKSLASH='\'
AMDEP_FALSE='#'
AMDEP_TRUE=''
AMTAR='$${TAR-tar}'
AM_BACKSLASH='\'
AM_DEFAULT_V='$(AM_DEFAULT_VERBOSITY)'
AM_DEFAULT_VERBOSITY='1'
AM_V='$(V)'
AUTOCONF='${SHELL} /home/patrick/Patmol/missing autoconf'
AUTOHEADER='${SHELL} /home/patrick/Patmol/missing autoheader'
AUTOMAKE='${SHELL} /home/patrick/Patmol/missing automake-1.14'
AWK='gawk'
CC='mpicc'
CCDEPMODE='depmode=gcc3'
CFLAGS='-g -O2'
CPP='mpicc -E'
CPPFLAGS=''
CXX='mpic++'
CXXDEPMODE='depmode=gcc3'
CXXFLAGS='-g -O2'
CYGPATH_W='echo'
DEFS='-DHAVE_CONFIG_H'
DEPDIR='.deps'
ECHO_C=''
ECHO_N='-n'
ECHO_T=''
EGREP='/bin/grep -E'
EXEEXT=''
GREP='/bin/grep'
INSTALL_DATA='${INSTALL} -m 644'
INSTALL_PROGRAM='${INSTALL}'
INSTALL_SCRIPT='${INSTALL}'
INSTALL_STRIP_PROGRAM='$(install_sh) -c -s'
LDFLAGS=''
LIBOBJS=''
LIBS='-lm '
LTLIBOBJS=''
MAKEINFO='${SHELL} /home/patrick/Patmol/missing makeinfo'
MKDIR_P='/bin/mkdir -p'
MPICC=''
OBJEXT='o'
PACKAGE='patmol'
PACKAGE_BUGREPORT='patjnichols@gmail.com'
PACKAGE_NAME='PATMOL'
PACKAGE_STRING='PATMOL 2.8'
PACKAGE_TARNAME='patmol'
PACKAGE_URL=''
PACKAGE_VERSION='2.8'
PATH_SEPARATOR=':'
POW_LIB=''
SET_MAKE=''
SHELL='/bin/bash'
STRIP=''
VERSION='2.8'
ac_ct_CC='mpicc'
ac_ct_CXX='mpic++'
am__EXEEXT_FALSE=''
am__EXEEXT_TRUE='#'
am__fastdepCC_FALSE='#'
am__fastdepCC_TRUE=''
am__fastdepCXX_FALSE='#'
am__fastdepCXX_TRUE=''
am__include='include'
am__isrc=''
am__leading_dot='.'
am__nodep='_no'
am__quote=''
am__tar='$${TAR-tar} chof - "$$tardir"'
am__untar='$${TAR-tar} xf -'
bindir='${exec_prefix}/bin'
build_alias=''
datadir='${datarootdir}'
datarootdir='${prefix}/share'
docdir='${datarootdir}/doc/${PACKAGE_TARNAME}'
dvidir='${docdir}'
exec_prefix='${prefix}'
host_alias=''
htmldir='${docdir}'
includedir='${prefix}/include'
infodir='${datarootdir}/info'
install_sh='${SHELL} /home/patrick/Patmol/install-sh'
libdir='${exec_prefix}/lib'
libexecdir='${exec_prefix}/libexec'
localedir='${datarootdir}/locale'
localstatedir='${prefix}/var'
mandir='${datarootdir}/man'
mkdir_p='$(MKDIR_P)'
oldincludedir='/usr/include'
pdfdir='${docdir}'
prefix='/usr/local'
program_transform_name='s,x,x,'
psdir='${docdir}'
sbindir='${exec_prefix}/sbin'
sharedstatedir='${prefix}/com'
sysconfdir='${prefix}/etc'
target_alias=''

## ----------- ##
## confdefs.h. ##
## ----------- ##

/* confdefs.h */
#define PACKAGE_NAME "PATMOL"
#define PACKAGE_TARNAME "patmol"
#define PACKAGE_VERSION "2.8"
#define PACKAGE_STRING "PATMOL 2.8"
#define PACKAGE_BUGREPORT "patjnichols@gmail.com"
#define PACKAGE_URL ""
#define PACKAGE "patmol"
#define VERSION "2.8"
#define HAVE_MPI 1
#define HAVE_LIBM 1
#define STDC_HEADERS 1
#define HAVE_SYS_TYPES_H 1
#define HAVE_SYS_STAT_H 1
#define HAVE_STDLIB_H 1
#define HAVE_STRING_H 1
#define HAVE_MEMORY_H 1
#define HAVE_STRINGS_H 1
#define HAVE_INTTYPES_H 1
#define HAVE_STDINT_H 1
#define HAVE_UNISTD_H 1
#define HAVE_FLOAT_H 1
#define HAVE_STDINT_H 1
#define HAVE_STDLIB_H 1
#define HAVE_STRING_H 1
#define HAVE_SYS_TIME_H 1
#define HAVE__BOOL 1
#define HAVE_STDBOOL_H 1
#define restrict __restrict
#define TIME_WITH_SYS_TIME 1
#define HAVE_STDLIB_H 1
#define HAVE_MALLOC 1
#define HAVE_STDLIB_H 1
#define HAVE_REALLOC 1
#define HAVE_CLOCK_GETTIME 1
#define HAVE_GETTIMEOFDAY 1
#define HAVE_MEMSET 1
#define HAVE_POW 1
#define HAVE_RINT 1
#define HAVE_SQRT 1
#define HAVE_STRTOL 1
#define HAVE_STRTOUL 1

configure: exit 0
